User belongs to experiment group 'AlwaysDisplayTestExplorer - control'
User belongs to experiment group 'ShowPlayIcon - start'
User belongs to experiment group 'ShowExtensionSurveyPrompt - control'
User belongs to experiment group 'DebugAdapterFactory - experiment'
User belongs to experiment group 'PtvsdWheels37 - experiment'
User belongs to experiment group 'UseTerminalToGetActivatedEnvVars - control'
User belongs to experiment group 'AA_testing - control'
User belongs to experiment group 'LocalZMQKernel - experiment'
User belongs to experiment group 'CollectLSRequestTiming - control'
User belongs to experiment group 'CollectNodeLSRequestTiming - experiment'
User belongs to experiment group 'EnableIPyWidgets - experiment'
User belongs to experiment group 'DeprecatePythonPath - control'
User belongs to experiment group 'RunByLine - experiment'
User belongs to experiment group 'CustomEditorSupport - control'
> conda --version
> pyenv root
> python3.7 ~/.vscode-server/extensions/ms-python.python-2021.1.502429796/pythonFiles/pyvsc-run-isolated.py -c "import sys;print(sys.executable)"
> python3.6 ~/.vscode-server/extensions/ms-python.python-2021.1.502429796/pythonFiles/pyvsc-run-isolated.py -c "import sys;print(sys.executable)"
> python3 ~/.vscode-server/extensions/ms-python.python-2021.1.502429796/pythonFiles/pyvsc-run-isolated.py -c "import sys;print(sys.executable)"
> python2 ~/.vscode-server/extensions/ms-python.python-2021.1.502429796/pythonFiles/pyvsc-run-isolated.py -c "import sys;print(sys.executable)"
> python ~/.vscode-server/extensions/ms-python.python-2021.1.502429796/pythonFiles/pyvsc-run-isolated.py -c "import sys;print(sys.executable)"
> python ~/.vscode-server/extensions/ms-python.python-2021.1.502429796/pythonFiles/pyvsc-run-isolated.py -c "import sys;print(sys.executable)"
> conda info --json
> python ~/.vscode-server/extensions/ms-python.python-2021.1.502429796/pythonFiles/pyvsc-run-isolated.py -c "import sys;print(sys.executable)"
> python ~/.vscode-server/extensions/ms-python.python-2021.1.502429796/pythonFiles/pyvsc-run-isolated.py -c "import sys;print(sys.executable)"
Error 2021-01-24 03:52:53: Failed to check if file needs to be fixed [EntryNotFound (FileSystemError): Unable to read file 'vscode-remote://wsl+ubuntu-20.04/home/sting/.config/Code/User/settings.json' (EntryNotFound (FileSystemError): Error: ENOENT: no such file or directory, open '/home/sting/.config/Code/User/settings.json')
	at _handleError (/home/sting/.vscode-server/bin/ea3859d4ba2f3e577a159bc91e3074c5d85c0523/out/vs/server/remoteExtensionHostProcess.js:769:473)
	at processTicksAndRejections (internal/process/task_queues.js:94:5)
	at async y.readText (/home/sting/.vscode-server/extensions/ms-python.python-2021.1.502429796/out/client/extension.js:9:344778)
	at async p.doesFileNeedToBeFixed (/home/sting/.vscode-server/extensions/ms-python.python-2021.1.502429796/out/client/extension.js:59:500280)
	at async /home/sting/.vscode-server/extensions/ms-python.python-2021.1.502429796/out/client/extension.js:59:499407
	at async Promise.all (index 0)
	at async p.getFilesToBeFixed (/home/sting/.vscode-server/extensions/ms-python.python-2021.1.502429796/out/client/extension.js:59:499353)
	at async p.updateTestSettings (/home/sting/.vscode-server/extensions/ms-python.python-2021.1.502429796/out/client/extension.js:59:498980)] {
  code: 'FileNotFound',
  name: 'EntryNotFound (FileSystemError)'
}
Error 2021-01-24 03:52:53: Failed to check if file needs to be fixed [EntryNotFound (FileSystemError): Unable to read file 'vscode-remote://wsl+ubuntu-20.04/home/sting/.vscode/settings.json' (EntryNotFound (FileSystemError): Error: ENOENT: no such file or directory, open '/home/sting/.vscode/settings.json')
	at _handleError (/home/sting/.vscode-server/bin/ea3859d4ba2f3e577a159bc91e3074c5d85c0523/out/vs/server/remoteExtensionHostProcess.js:769:473)
	at processTicksAndRejections (internal/process/task_queues.js:94:5)
	at async y.readText (/home/sting/.vscode-server/extensions/ms-python.python-2021.1.502429796/out/client/extension.js:9:344778)
	at async p.doesFileNeedToBeFixed (/home/sting/.vscode-server/extensions/ms-python.python-2021.1.502429796/out/client/extension.js:59:500280)
	at async /home/sting/.vscode-server/extensions/ms-python.python-2021.1.502429796/out/client/extension.js:59:499407
	at async Promise.all (index 1)
	at async p.getFilesToBeFixed (/home/sting/.vscode-server/extensions/ms-python.python-2021.1.502429796/out/client/extension.js:59:499353)
	at async p.updateTestSettings (/home/sting/.vscode-server/extensions/ms-python.python-2021.1.502429796/out/client/extension.js:59:498980)] {
  code: 'FileNotFound',
  name: 'EntryNotFound (FileSystemError)'
}
Starting Jedi Python language engine.
> pyenv root
Python interpreter path: /usr/bin/python3
> pyenv root
> conda --version
> /usr/bin/python3 ~/.vscode-server/extensions/ms-python.python-2021.1.502429796/pythonFiles/pyvsc-run-isolated.py -c "import pip"
> /usr/bin/python3 ~/.vscode-server/extensions/ms-python.python-2021.1.502429796/pythonFiles/pyvsc-run-isolated.py -c "import pip"
> /usr/bin/python3 ~/.vscode-server/extensions/ms-python.python-2021.1.502429796/pythonFiles/pyvsc-run-isolated.py -c "import pip"
> /usr/bin/python3 ~/.vscode-server/extensions/ms-python.python-2021.1.502429796/pythonFiles/pyvsc-run-isolated.py -c "import pip"
> /usr/bin/python3 ~/.vscode-server/extensions/ms-python.python-2021.1.502429796/pythonFiles/pyvsc-run-isolated.py -c "import ipykernel"
> /usr/bin/python3 ~/.vscode-server/extensions/ms-python.python-2021.1.502429796/pythonFiles/pyvsc-run-isolated.py -c "import ipykernel"
Starting Jedi Python language engine.
> /usr/bin/python3 ~/.vscode-server/extensions/ms-python.python-2021.1.502429796/pythonFiles/pyvsc-run-isolated.py pylint --disable=all --enable=F,unreachable,duplicate-key,unnecessary-semicolon,global-variable-not-assigned,unused-variable,unused-wildcard-import,binary-op-exception,bad-format-string,anomalous-backslash-in-string,bad-open-mode,E0001,E0011,E0012,E0100,E0101,E0102,E0103,E0104,E0105,E0107,E0108,E0110,E0111,E0112,E0113,E0114,E0115,E0116,E0117,E0118,E0202,E0203,E0211,E0213,E0236,E0237,E0238,E0239,E0240,E0241,E0301,E0302,E0303,E0401,E0402,E0601,E0602,E0603,E0604,E0611,E0632,E0633,E0701,E0702,E0703,E0704,E0710,E0711,E0712,E1003,E1101,E1102,E1111,E1120,E1121,E1123,E1124,E1125,E1126,E1127,E1128,E1129,E1130,E1131,E1132,E1133,E1134,E1135,E1136,E1137,E1138,E1139,E1200,E1201,E1205,E1206,E1300,E1301,E1302,E1303,E1304,E1305,E1306,E1310,E1700,E1701 --msg-template='{line},{column},{category},{symbol}:{msg}' --reports=n --output-format=text ~/ARIP2-PRJ3/src/functions.py
cwd: ~/
> /usr/bin/python3 ~/.vscode-server/extensions/ms-python.python-2021.1.502429796/pythonFiles/pyvsc-run-isolated.py pylint --disable=all --enable=F,unreachable,duplicate-key,unnecessary-semicolon,global-variable-not-assigned,unused-variable,unused-wildcard-import,binary-op-exception,bad-format-string,anomalous-backslash-in-string,bad-open-mode,E0001,E0011,E0012,E0100,E0101,E0102,E0103,E0104,E0105,E0107,E0108,E0110,E0111,E0112,E0113,E0114,E0115,E0116,E0117,E0118,E0202,E0203,E0211,E0213,E0236,E0237,E0238,E0239,E0240,E0241,E0301,E0302,E0303,E0401,E0402,E0601,E0602,E0603,E0604,E0611,E0632,E0633,E0701,E0702,E0703,E0704,E0710,E0711,E0712,E1003,E1101,E1102,E1111,E1120,E1121,E1123,E1124,E1125,E1126,E1127,E1128,E1129,E1130,E1131,E1132,E1133,E1134,E1135,E1136,E1137,E1138,E1139,E1200,E1201,E1205,E1206,E1300,E1301,E1302,E1303,E1304,E1305,E1306,E1310,E1700,E1701 --msg-template='{line},{column},{category},{symbol}:{msg}' --reports=n --output-format=text ~/ARIP2-PRJ3/src/functions.py
cwd: ~/
> /usr/bin/python3 ~/.vscode-server/extensions/ms-python.python-2021.1.502429796/pythonFiles/pyvsc-run-isolated.py -c "import sys;print(sys.prefix)"
cwd: ~/
> /usr/bin/python3 ~/.vscode-server/extensions/ms-python.python-2021.1.502429796/pythonFiles/pyvsc-run-isolated.py -c "import sys;print(sys.prefix)"
cwd: ~/
> /usr/bin/python3 ~/.vscode-server/extensions/ms-python.python-2021.1.502429796/pythonFiles/pyvsc-run-isolated.py -c "import sys;print(sys.executable)"
cwd: ~/
> /usr/bin/python3 ~/.vscode-server/extensions/ms-python.python-2021.1.502429796/pythonFiles/pyvsc-run-isolated.py -c "import sys;print(sys.executable)"
cwd: ~/
> /usr/bin/python3 ~/.vscode-server/extensions/ms-python.python-2021.1.502429796/pythonFiles/pyvsc-run-isolated.py -c "from distutils.sysconfig import get_python_lib; print(get_python_lib())"
cwd: ~/
> /usr/bin/python3 ~/.vscode-server/extensions/ms-python.python-2021.1.502429796/pythonFiles/pyvsc-run-isolated.py -c "from distutils.sysconfig import get_python_lib; print(get_python_lib())"
cwd: ~/
> /usr/bin/python3 ~/.vscode-server/extensions/ms-python.python-2021.1.502429796/pythonFiles/pyvsc-run-isolated.py site --user-site
cwd: ~/
> /usr/bin/python3 ~/.vscode-server/extensions/ms-python.python-2021.1.502429796/pythonFiles/pyvsc-run-isolated.py site --user-site
cwd: ~/
> /usr/bin/python3 ~/.vscode-server/extensions/ms-python.python-2021.1.502429796/pythonFiles/pyvsc-run-isolated.py -c "import pylint"
> /usr/bin/python3 ~/.vscode-server/extensions/ms-python.python-2021.1.502429796/pythonFiles/pyvsc-run-isolated.py -c "import pylint"
> /usr/bin/python3 ~/.vscode-server/extensions/ms-python.python-2021.1.502429796/pythonFiles/pyvsc-run-isolated.py ~/.vscode-server/extensions/ms-python.python-2021.1.502429796/pythonFiles/completion.py
> /usr/bin/python3 ~/.vscode-server/extensions/ms-python.python-2021.1.502429796/pythonFiles/pyvsc-run-isolated.py ~/.vscode-server/extensions/ms-python.python-2021.1.502429796/pythonFiles/completion.py
> /usr/bin/python3 ~/.vscode-server/extensions/ms-python.python-2021.1.502429796/pythonFiles/pyvsc-run-isolated.py -c "import pylint"
> /usr/bin/python3 ~/.vscode-server/extensions/ms-python.python-2021.1.502429796/pythonFiles/pyvsc-run-isolated.py -c "import pylint"
Error 2021-01-24 04:37:50: stderr jediProxy Error (stderr) /home/sting/.vscode-server/extensions/ms-python.python-2021.1.502429796/pythonFiles/completion.py:584: DeprecationWarning: Deprecated since version 0.16.0. Use Script(...).get_names instead.
  jedi.api.names(


Linter 'pylint' is not installed. Please install it or select another linter".
Error: Module 'pylint' not installed.
> /usr/bin/python3 ~/.vscode-server/extensions/ms-python.python-2021.1.502429796/pythonFiles/pyvsc-run-isolated.py -c "import pip"
> /usr/bin/python3 ~/.vscode-server/extensions/ms-python.python-2021.1.502429796/pythonFiles/pyvsc-run-isolated.py -c "import pip"
> /usr/bin/python3 ~/.vscode-server/extensions/ms-python.python-2021.1.502429796/pythonFiles/pyvsc-run-isolated.py -c "import pylint"
> /usr/bin/python3 ~/.vscode-server/extensions/ms-python.python-2021.1.502429796/pythonFiles/pyvsc-run-isolated.py -c "import pylint"
