Error 2021-01-24 10:23:15: Error Loading WebviewPanel: Error: Webview is disposed
Error 2021-01-24 10:23:15: DataScience Error [Error: Webview is disposed
	at S.assertNotDisposed (/home/sting/.vscode-server/bin/ea3859d4ba2f3e577a159bc91e3074c5d85c0523/out/vs/server/remoteExtensionHostProcess.js:896:749)
	at S.get viewColumn [as viewColumn] (/home/sting/.vscode-server/bin/ea3859d4ba2f3e577a159bc91e3074c5d85c0523/out/vs/server/remoteExtensionHostProcess.js:896:179)
	at o.show (/home/sting/.vscode-server/extensions/ms-toolsai.jupyter-2020.12.414227025/out/client/extension.js:47:299569)
	at processTicksAndRejections (internal/process/task_queues.js:94:5)
	at async f.show (/home/sting/.vscode-server/extensions/ms-toolsai.jupyter-2020.12.414227025/out/client/extension.js:9:149682)
	at async T.showEditor (/home/sting/.vscode-server/extensions/ms-toolsai.jupyter-2020.12.414227025/out/client/extension.js:49:404285)
	at async T.open (/home/sting/.vscode-server/extensions/ms-toolsai.jupyter-2020.12.414227025/out/client/extension.js:49:401328)
	at async T.openNotebookAndCloseEditor (/home/sting/.vscode-server/extensions/ms-toolsai.jupyter-2020.12.414227025/out/client/extension.js:49:399955)]
Error 2021-01-24 10:23:15: DataScience Error [Error: Webview is disposed
	at S.assertNotDisposed (/home/sting/.vscode-server/bin/ea3859d4ba2f3e577a159bc91e3074c5d85c0523/out/vs/server/remoteExtensionHostProcess.js:896:749)
	at S.get viewColumn [as viewColumn] (/home/sting/.vscode-server/bin/ea3859d4ba2f3e577a159bc91e3074c5d85c0523/out/vs/server/remoteExtensionHostProcess.js:896:179)
	at o.show (/home/sting/.vscode-server/extensions/ms-toolsai.jupyter-2020.12.414227025/out/client/extension.js:47:299569)
	at processTicksAndRejections (internal/process/task_queues.js:94:5)
	at async f.show (/home/sting/.vscode-server/extensions/ms-toolsai.jupyter-2020.12.414227025/out/client/extension.js:9:149682)
	at async T.loadNotebookEditor (/home/sting/.vscode-server/extensions/ms-toolsai.jupyter-2020.12.414227025/out/client/extension.js:49:403893)
	at async T.create (/home/sting/.vscode-server/extensions/ms-toolsai.jupyter-2020.12.414227025/out/client/extension.js:49:404430)
	at async T.open (/home/sting/.vscode-server/extensions/ms-toolsai.jupyter-2020.12.414227025/out/client/extension.js:49:401355)
	at async T.openNotebookAndCloseEditor (/home/sting/.vscode-server/extensions/ms-toolsai.jupyter-2020.12.414227025/out/client/extension.js:49:399955)]
> /usr/bin/python3 ~/.vscode-server/extensions/ms-toolsai.jupyter-2020.12.414227025/pythonFiles/pyvsc-run-isolated.py -c "import ipykernel"
> /usr/bin/python3 ~/.vscode-server/extensions/ms-toolsai.jupyter-2020.12.414227025/pythonFiles/pyvsc-run-isolated.py -c "import ipykernel"
> /usr/bin/python3 ~/.vscode-server/extensions/ms-toolsai.jupyter-2020.12.414227025/pythonFiles/pyvsc-run-isolated.py -c "import ipykernel"
> /usr/bin/python3 ~/.vscode-server/extensions/ms-toolsai.jupyter-2020.12.414227025/pythonFiles/pyvsc-run-isolated.py -c "import ipykernel"
> /usr/bin/python3 ~/.vscode-server/extensions/ms-toolsai.jupyter-2020.12.414227025/pythonFiles/pyvsc-run-isolated.py vscode_datascience_helpers.daemon --daemon-module=vscode_datascience_helpers.kernel_launcher_daemon -v
> /usr/bin/python3 ~/.vscode-server/extensions/ms-toolsai.jupyter-2020.12.414227025/pythonFiles/pyvsc-run-isolated.py vscode_datascience_helpers.daemon --daemon-module=vscode_datascience_helpers.kernel_launcher_daemon -v
> /usr/bin/python3 ~/.vscode-server/extensions/ms-toolsai.jupyter-2020.12.414227025/pythonFiles/pyvsc-run-isolated.py vscode_datascience_helpers.daemon --daemon-module=vscode_datascience_helpers.kernel_launcher_daemon -v
> /usr/bin/python3 ~/.vscode-server/extensions/ms-toolsai.jupyter-2020.12.414227025/pythonFiles/pyvsc-run-isolated.py vscode_datascience_helpers.daemon --daemon-module=vscode_datascience_helpers.kernel_launcher_daemon -v
Started kernel Python 3
Started kernel Python 3
> /usr/bin/python3 ~/.vscode-server/extensions/ms-toolsai.jupyter-2020.12.414227025/pythonFiles/pyvsc-run-isolated.py vscode_datascience_helpers.daemon --daemon-module=vscode_datascience_helpers.kernel_launcher_daemon -v
> /usr/bin/python3 ~/.vscode-server/extensions/ms-toolsai.jupyter-2020.12.414227025/pythonFiles/pyvsc-run-isolated.py vscode_datascience_helpers.daemon --daemon-module=vscode_datascience_helpers.kernel_launcher_daemon -v
> /usr/bin/python3 ~/.vscode-server/extensions/ms-toolsai.jupyter-2020.12.414227025/pythonFiles/pyvsc-run-isolated.py vscode_datascience_helpers.daemon --daemon-module=vscode_datascience_helpers.kernel_launcher_daemon -v
> /usr/bin/python3 ~/.vscode-server/extensions/ms-toolsai.jupyter-2020.12.414227025/pythonFiles/pyvsc-run-isolated.py vscode_datascience_helpers.daemon --daemon-module=vscode_datascience_helpers.kernel_launcher_daemon -v
> /usr/bin/python3 ~/.vscode-server/extensions/ms-toolsai.jupyter-2020.12.414227025/pythonFiles/pyvsc-run-isolated.py -c "import ipykernel"
> /usr/bin/python3 ~/.vscode-server/extensions/ms-toolsai.jupyter-2020.12.414227025/pythonFiles/pyvsc-run-isolated.py -c "import ipykernel"
> /usr/bin/python3 ~/.vscode-server/extensions/ms-toolsai.jupyter-2020.12.414227025/pythonFiles/pyvsc-run-isolated.py vscode_datascience_helpers.daemon --daemon-module=vscode_datascience_helpers.kernel_launcher_daemon -v
> /usr/bin/python3 ~/.vscode-server/extensions/ms-toolsai.jupyter-2020.12.414227025/pythonFiles/pyvsc-run-isolated.py vscode_datascience_helpers.daemon --daemon-module=vscode_datascience_helpers.kernel_launcher_daemon -v
Started kernel Python 3
> /usr/bin/python3 ~/.vscode-server/extensions/ms-toolsai.jupyter-2020.12.414227025/pythonFiles/pyvsc-run-isolated.py vscode_datascience_helpers.daemon --daemon-module=vscode_datascience_helpers.kernel_launcher_daemon -v
> /usr/bin/python3 ~/.vscode-server/extensions/ms-toolsai.jupyter-2020.12.414227025/pythonFiles/pyvsc-run-isolated.py vscode_datascience_helpers.daemon --daemon-module=vscode_datascience_helpers.kernel_launcher_daemon -v
> /usr/bin/python3 ~/.vscode-server/extensions/ms-toolsai.jupyter-2020.12.414227025/pythonFiles/pyvsc-run-isolated.py -c "import nbconvert"
> /usr/bin/python3 ~/.vscode-server/extensions/ms-toolsai.jupyter-2020.12.414227025/pythonFiles/pyvsc-run-isolated.py -c "import nbconvert"
> /usr/bin/python3 ~/.vscode-server/extensions/ms-toolsai.jupyter-2020.12.414227025/pythonFiles/pyvsc-run-isolated.py jupyter nbconvert --version
> /usr/bin/python3 ~/.vscode-server/extensions/ms-toolsai.jupyter-2020.12.414227025/pythonFiles/pyvsc-run-isolated.py jupyter nbconvert --version
> /usr/bin/python3 ~/.vscode-server/extensions/ms-toolsai.jupyter-2020.12.414227025/pythonFiles/pyvsc-run-isolated.py vscode_datascience_helpers.daemon --daemon-module=vscode_datascience_helpers.jupyter_daemon -v
> /usr/bin/python3 ~/.vscode-server/extensions/ms-toolsai.jupyter-2020.12.414227025/pythonFiles/pyvsc-run-isolated.py vscode_datascience_helpers.daemon --daemon-module=vscode_datascience_helpers.jupyter_daemon -v
> /usr/bin/python3 ~/.vscode-server/extensions/ms-toolsai.jupyter-2020.12.414227025/pythonFiles/pyvsc-run-isolated.py vscode_datascience_helpers.daemon --daemon-module=vscode_datascience_helpers.jupyter_daemon -v
> /usr/bin/python3 ~/.vscode-server/extensions/ms-toolsai.jupyter-2020.12.414227025/pythonFiles/pyvsc-run-isolated.py vscode_datascience_helpers.daemon --daemon-module=vscode_datascience_helpers.jupyter_daemon -v
> /usr/bin/python3 ~/.vscode-server/extensions/ms-toolsai.jupyter-2020.12.414227025/pythonFiles/pyvsc-run-isolated.py vscode_datascience_helpers.daemon --daemon-module=vscode_datascience_helpers.jupyter_daemon -v
> /usr/bin/python3 ~/.vscode-server/extensions/ms-toolsai.jupyter-2020.12.414227025/pythonFiles/pyvsc-run-isolated.py vscode_datascience_helpers.daemon --daemon-module=vscode_datascience_helpers.jupyter_daemon -v
> /usr/bin/python3 (daemon) -m jupyter nbconvert /tmp/c75cc676-803f-42f7-bad3-6421cad02f3e/tmp-61l5amhCoI8OKK.ipynb --to python --stdout --template /tmp/tmp-61iCHlwmzbPC2v.tpl
> /usr/bin/python3 ~/.vscode-server/extensions/ms-toolsai.jupyter-2020.12.414227025/pythonFiles/pyvsc-run-isolated.py jupyter nbconvert --version
> /usr/bin/python3 ~/.vscode-server/extensions/ms-toolsai.jupyter-2020.12.414227025/pythonFiles/pyvsc-run-isolated.py jupyter nbconvert --version
> /usr/bin/python3 (daemon) -m jupyter nbconvert /tmp/72bdaf86-901b-4339-b056-3be6b2514612/tmp-61FVUUVnEfSW1e.ipynb --to python --stdout --template /tmp/tmp-61iCHlwmzbPC2v.tpl
